C:\Program Files (x86)\Microsoft Visual Studio\2017\community\Common7\IDE\VC\VCTargets\Microsoft.CppBuild.targets(387,5): warning MSB8028: 중간 디렉터리(x64\Debug\)에 다른 프로젝트(OpenCV2017.vcxproj)에서 공유하는 파일이 포함되어 있습니다.  이로 인해 잘못된 정리 및 다시 빌드 동작이 수행될 수 있습니다.
  ImageHandler.cpp
c:\users\yoon\source\repos\영상 처리 소프트웨어\opencv2017\imagehandler.cpp(119): warning C4244: '초기화 중': 'int'에서 'float'(으)로 변환하면서 데이터가 손실될 수 있습니다.
c:\users\yoon\source\repos\영상 처리 소프트웨어\opencv2017\imagehandler.cpp(121): warning C4244: '/=': 'float'에서 'int'(으)로 변환하면서 데이터가 손실될 수 있습니다.
c:\users\yoon\source\repos\영상 처리 소프트웨어\opencv2017\imagehandler.cpp(293): warning C4244: '=': 'double'에서 'int'(으)로 변환하면서 데이터가 손실될 수 있습니다.
c:\users\yoon\source\repos\영상 처리 소프트웨어\opencv2017\imagehandler.cpp(354): warning C4244: '인수': 'double'에서 'int'(으)로 변환하면서 데이터가 손실될 수 있습니다.
c:\users\yoon\source\repos\영상 처리 소프트웨어\opencv2017\imagehandler.cpp(371): warning C4244: '초기화 중': 'double'에서 'int'(으)로 변환하면서 데이터가 손실될 수 있습니다.
c:\users\yoon\source\repos\영상 처리 소프트웨어\opencv2017\imagehandler.cpp(377): warning C4244: '초기화 중': 'double'에서 'int'(으)로 변환하면서 데이터가 손실될 수 있습니다.
c:\users\yoon\source\repos\영상 처리 소프트웨어\opencv2017\imagehandler.cpp(382): warning C4244: '초기화 중': 'double'에서 'uchar'(으)로 변환하면서 데이터가 손실될 수 있습니다.
c:\users\yoon\source\repos\영상 처리 소프트웨어\opencv2017\imagehandler.cpp(383): warning C4244: '초기화 중': 'double'에서 'uchar'(으)로 변환하면서 데이터가 손실될 수 있습니다.
c:\users\yoon\source\repos\영상 처리 소프트웨어\opencv2017\imagehandler.cpp(384): warning C4244: '초기화 중': 'double'에서 'uchar'(으)로 변환하면서 데이터가 손실될 수 있습니다.
c:\users\yoon\source\repos\영상 처리 소프트웨어\opencv2017\imagehandler.cpp(385): warning C4244: '초기화 중': 'double'에서 'uchar'(으)로 변환하면서 데이터가 손실될 수 있습니다.
c:\users\yoon\source\repos\영상 처리 소프트웨어\opencv2017\imagehandler.cpp(387): warning C4244: '=': 'double'에서 'uchar'(으)로 변환하면서 데이터가 손실될 수 있습니다.
c:\users\yoon\source\repos\영상 처리 소프트웨어\opencv2017\imagehandler.cpp(405): warning C4244: '초기화 중': 'double'에서 'int'(으)로 변환하면서 데이터가 손실될 수 있습니다.
c:\users\yoon\source\repos\영상 처리 소프트웨어\opencv2017\imagehandler.cpp(406): warning C4244: '초기화 중': 'double'에서 'int'(으)로 변환하면서 데이터가 손실될 수 있습니다.
c:\users\yoon\source\repos\영상 처리 소프트웨어\opencv2017\imagehandler.cpp(410): warning C4244: '초기화 중': 'double'에서 'int'(으)로 변환하면서 데이터가 손실될 수 있습니다.
c:\users\yoon\source\repos\영상 처리 소프트웨어\opencv2017\imagehandler.cpp(411): warning C4244: '초기화 중': 'double'에서 'int'(으)로 변환하면서 데이터가 손실될 수 있습니다.
c:\users\yoon\source\repos\영상 처리 소프트웨어\opencv2017\imagehandler.cpp(418): warning C4244: '+=': 'double'에서 'int'(으)로 변환하면서 데이터가 손실될 수 있습니다.
c:\users\yoon\source\repos\영상 처리 소프트웨어\opencv2017\imagehandler.cpp(421): warning C4244: '=': 'double'에서 'uchar'(으)로 변환하면서 데이터가 손실될 수 있습니다.
  OpenCV2017.vcxproj -> C:\Users\yoon\source\repos\영상 처리 소프트웨어\x64\Debug\Image Processor.exe
  OpenCV2017.vcxproj -> C:\Users\yoon\source\repos\영상 처리 소프트웨어\x64\Debug\Image Processor.pdb (Partial PDB)
